<?xml version="1.0" encoding="UTF-8"?>
<!-- Generated by org.testng.reporters.JUnitXMLReporter -->
<testsuite ignored="0" hostname="LAPTOP-PKGUR2EJ" failures="0" tests="1" name="Surefire test" time="0.137" errors="0" timestamp="09 Dec. 2021 05:35:05 GMT">
  <testcase classname="fb1.Fb_Loginpage_Test" name="@BeforeTest setDriver" time="0.0">
    <failure type="org.testng.TestNGException" message="
Can inject only one of &amp;lt;ITestContext, XmlTest&amp;gt; into a @BeforeTest annotated setDriver.
For more information on native dependency injection please refer to http://testng.org/doc/documentation-main.html#native-dependency-injection">
      <![CDATA[org.testng.TestNGException: 
Can inject only one of <ITestContext, XmlTest> into a @BeforeTest annotated setDriver.
For more information on native dependency injection please refer to http://testng.org/doc/documentation-main.html#native-dependency-injection
... Removed 26 stack frames]]>
    </failure>
  </testcase> <!-- @BeforeTest setDriver -->
  <testcase classname="fb1.Fb_Loginpage_Test" name="@AfterTest teardown" time="0.0">
    <skipped/>
  </testcase> <!-- @AfterTest teardown -->
  <testcase classname="fb1.Fb_Loginpage_Test" name="titlepage" time="0.0">
    <skipped/>
  </testcase> <!-- titlepage -->
</testsuite> <!-- Surefire test -->
