<?xml version="1.0" encoding="UTF-8"?>
<testng-results ignored="0" total="3" passed="3" failed="0" skipped="0">
  <reporter-output>
  </reporter-output>
  <suite started-at="2021-12-22T07:01:47Z" name="Default suite" finished-at="2021-12-22T07:01:50Z" duration-ms="2861">
    <groups>
    </groups>
    <test started-at="2021-12-22T07:01:47Z" name="Default test" finished-at="2021-12-22T07:01:50Z" duration-ms="2861">
      <class name="Pages_Test.LoginPage_Test">
        <test-method is-config="true" signature="WebDriverManager()[pri:0, instance:Pages_Test.LoginPage_Test@793138bd]" started-at="2021-12-22T07:01:47Z" name="WebDriverManager" finished-at="2021-12-22T07:01:49Z" duration-ms="2059" status="PASS">
          <reporter-output>
          </reporter-output>
        </test-method> <!-- WebDriverManager -->
        <test-method signature="ProductPage_get()[pri:0, instance:Pages_Test.LoginPage_Test@793138bd]" started-at="2021-12-22T07:01:49Z" name="ProductPage_get" finished-at="2021-12-22T07:01:50Z" duration-ms="419" status="PASS">
          <reporter-output>
          </reporter-output>
        </test-method> <!-- ProductPage_get -->
        <test-method signature="loginpageurl()[pri:0, instance:Pages_Test.LoginPage_Test@793138bd]" started-at="2021-12-22T07:01:50Z" name="loginpageurl" finished-at="2021-12-22T07:01:50Z" duration-ms="11" status="PASS">
          <reporter-output>
          </reporter-output>
        </test-method> <!-- loginpageurl -->
        <test-method signature="titleTest()[pri:0, instance:Pages_Test.LoginPage_Test@793138bd]" started-at="2021-12-22T07:01:50Z" name="titleTest" finished-at="2021-12-22T07:01:50Z" duration-ms="14" status="PASS">
          <reporter-output>
          </reporter-output>
        </test-method> <!-- titleTest -->
        <test-method is-config="true" signature="teardown()[pri:0, instance:Pages_Test.LoginPage_Test@793138bd]" started-at="2021-12-22T07:01:50Z" name="teardown" finished-at="2021-12-22T07:01:50Z" duration-ms="95" status="PASS">
          <reporter-output>
          </reporter-output>
        </test-method> <!-- teardown -->
      </class> <!-- Pages_Test.LoginPage_Test -->
    </test> <!-- Default test -->
  </suite> <!-- Default suite -->
</testng-results>
